f:\鼎sass\agoravideoclr\release\agoravideoclr.pch
f:\鼎sass\agoravideoclr\release\vc140.pdb
f:\鼎sass\agoravideoclr\release\stdafx.obj
f:\鼎sass\agoravideoclr\release\assemblyinfo.obj
f:\鼎sass\agoravideoclr\release\agoravideoclr.obj
f:\鼎sass\agoravideoclr\release\agorapacketobserver.obj
f:\鼎sass\agoravideoclr\release\agoraengineeventhandler.obj
f:\鼎sass\agoravideoclr\release\.netframework,version=v4.5.2.assemblyattributes.obj
f:\鼎sass\agoravideoclr\release\.netframework,version=v4.5.2.assemblyattributes.asm
f:\鼎sass\agoravideoclr\bin\release\agoravideoclr.dll
f:\鼎sass\agoravideoclr\bin\release\agoravideoclr.pdb
f:\鼎sass\agoravideoclr\release\app.res
f:\鼎sass\agoravideoclr\release\agoravideoclr.tlog\cl.command.1.tlog
f:\鼎sass\agoravideoclr\release\agoravideoclr.tlog\cl.read.1.tlog
f:\鼎sass\agoravideoclr\release\agoravideoclr.tlog\cl.write.1.tlog
f:\鼎sass\agoravideoclr\release\agoravideoclr.tlog\link.command.1.tlog
f:\鼎sass\agoravideoclr\release\agoravideoclr.tlog\link.read.1.tlog
f:\鼎sass\agoravideoclr\release\agoravideoclr.tlog\link.write.1.tlog
f:\鼎sass\agoravideoclr\release\agoravideoclr.tlog\metagen.read.1.tlog
f:\鼎sass\agoravideoclr\release\agoravideoclr.tlog\metagen.write.1.tlog
f:\鼎sass\agoravideoclr\release\agoravideoclr.tlog\rc.command.1.tlog
f:\鼎sass\agoravideoclr\release\agoravideoclr.tlog\rc.read.1.tlog
f:\鼎sass\agoravideoclr\release\agoravideoclr.tlog\rc.write.1.tlog
f:\鼎sass\agoravideoclr\release\agoravideoclr.tlog\rsaenh.dll.bi
f:\鼎sass\agoravideoclr\release\agoravideoclr.tlog\tzres.dll.bi
